<?xml version="1.0" encoding="UTF-8"?>
<!-- Generated by org.testng.reporters.JUnitXMLReporter -->
<testsuite ignored="7" hostname="RameshCh" failures="0" tests="3" name="OpenCartTest(failed)" time="78.676" errors="0" timestamp="2024-05-14T17:45:06 MST">
  <testcase classname="com.qa.opencart.testcases.MyAccountPageTest" name="performProductSearchTest" time="18.543"/>
  <testcase classname="com.qa.opencart.testcases.MyAccountPageTest" name="performProductSearchTest" time="18.187"/>
  <testcase classname="com.qa.opencart.testcases.MyAccountPageTest" name="performProductSearchTest" time="18.323"/>
  <testcase classname="com.qa.opencart.testcases.MyAccountPageTest" name="verifyMyAccountPageTitleTest" time="0.0">
    <ignored/>
  </testcase> <!-- verifyMyAccountPageTitleTest -->
  <testcase classname="com.qa.opencart.testcases.MyAccountPageTest" name="verifyBrokenLinksInMyAccountPageTest" time="0.0">
    <ignored/>
  </testcase> <!-- verifyBrokenLinksInMyAccountPageTest -->
  <testcase classname="com.qa.opencart.testcases.MyAccountPageTest" name="verifyMyAccountMenuOptionTest" time="0.0">
    <ignored/>
  </testcase> <!-- verifyMyAccountMenuOptionTest -->
  <testcase classname="com.qa.opencart.testcases.MyAccountPageTest" name="verifyMyAccountPageUrlTest" time="0.0">
    <ignored/>
  </testcase> <!-- verifyMyAccountPageUrlTest -->
  <testcase classname="com.qa.opencart.testcases.MyAccountPageTest" name="verifyMyAccountPageElementsTest" time="0.0">
    <ignored/>
  </testcase> <!-- verifyMyAccountPageElementsTest -->
  <testcase classname="com.qa.opencart.testcases.MyAccountPageTest" name="logoutTest" time="0.0">
    <ignored/>
  </testcase> <!-- logoutTest -->
  <testcase classname="com.qa.opencart.testcases.MyAccountPageTest" name="verifyMyAccountHeaderListTest" time="0.0">
    <ignored/>
  </testcase> <!-- verifyMyAccountHeaderListTest -->
</testsuite> <!-- OpenCartTest(failed) -->
