<?xml version="1.0" encoding="UTF-8"?>
<!-- Generated by org.testng.reporters.JUnitXMLReporter -->
<testsuite ignored="7" hostname="RameshCh" failures="0" tests="1" name="OpenCartTest(failed)(failed)" time="22.897" errors="0" timestamp="2024-05-13T18:03:18 MST">
  <testcase classname="com.qa.opencart.testcases.LoginPageTest" name="emptyCredLoginTest" time="11.663"/>
  <testcase classname="com.qa.opencart.testcases.LoginPageTest" name="happypathLoginTest" time="0.0">
    <ignored/>
  </testcase> <!-- happypathLoginTest -->
  <testcase classname="com.qa.opencart.testcases.LoginPageTest" name="verifyLoginPageElementsTest" time="0.0">
    <ignored/>
  </testcase> <!-- verifyLoginPageElementsTest -->
  <testcase classname="com.qa.opencart.testcases.LoginPageTest" name="verifyLoginPageTitleTest" time="0.0">
    <ignored/>
  </testcase> <!-- verifyLoginPageTitleTest -->
  <testcase classname="com.qa.opencart.testcases.LoginPageTest" name="verifyLoginPageUrlTest" time="0.0">
    <ignored/>
  </testcase> <!-- verifyLoginPageUrlTest -->
  <testcase classname="com.qa.opencart.testcases.LoginPageTest" name="navigateToRegistrationPageTest" time="0.0">
    <ignored/>
  </testcase> <!-- navigateToRegistrationPageTest -->
  <testcase classname="com.qa.opencart.testcases.LoginPageTest" name="logoutTest" time="0.0">
    <ignored/>
  </testcase> <!-- logoutTest -->
  <testcase classname="com.qa.opencart.testcases.LoginPageTest" name="navigateToForgotPasswordPageTest" time="0.0">
    <ignored/>
  </testcase> <!-- navigateToForgotPasswordPageTest -->
</testsuite> <!-- OpenCartTest(failed)(failed) -->
