<?xml version="1.0" encoding="UTF-8"?>
<testng-results ignored="0" total="3" passed="3" failed="0" skipped="0">
  <reporter-output>
  </reporter-output>
  <suite started-at="2024-05-14T17:43:46 MST" name="Failed suite [OpenCartSuite]" finished-at="2024-05-14T17:45:04 MST" duration-ms="78676">
    <groups>
    </groups>
    <test started-at="2024-05-14T17:43:46 MST" name="OpenCartTest(failed)" finished-at="2024-05-14T17:45:04 MST" duration-ms="78676">
      <class name="com.qa.opencart.testcases.MyAccountPageTest">
        <test-method is-config="true" signature="commonSetUp(java.lang.String)[pri:0, instance:com.qa.opencart.testcases.MyAccountPageTest@4cafa9aa]" started-at="2024-05-14T17:43:46 MST" name="commonSetUp" finished-at="2024-05-14T17:43:54 MST" duration-ms="7733" status="PASS">
          <params>
            <param index="0">
              <value>
                <![CDATA[chrome]]>
              </value>
            </param>
          </params>
          <reporter-output>
          </reporter-output>
        </test-method> <!-- commonSetUp -->
        <test-method is-config="true" signature="beforeClass()[pri:0, instance:com.qa.opencart.testcases.MyAccountPageTest@4cafa9aa]" started-at="2024-05-14T17:43:54 MST" name="beforeClass" finished-at="2024-05-14T17:44:08 MST" duration-ms="14035" status="PASS">
          <reporter-output>
          </reporter-output>
        </test-method> <!-- beforeClass -->
        <test-method is-config="true" signature="beforeMethod()[pri:0, instance:com.qa.opencart.testcases.MyAccountPageTest@4cafa9aa]" started-at="2024-05-14T17:44:08 MST" name="beforeMethod" finished-at="2024-05-14T17:44:08 MST" duration-ms="35" status="PASS">
          <reporter-output>
          </reporter-output>
        </test-method> <!-- beforeMethod -->
        <test-method signature="performProductSearchTest(java.lang.String)[pri:7, instance:com.qa.opencart.testcases.MyAccountPageTest@4cafa9aa]" started-at="2024-05-14T17:44:08 MST" name="performProductSearchTest" description="TC_07_Perform the product search" data-provider="products" finished-at="2024-05-14T17:44:27 MST" duration-ms="18543" status="PASS">
          <params>
            <param index="0">
              <value>
                <![CDATA[MacBook]]>
              </value>
            </param>
          </params>
          <reporter-output>
          </reporter-output>
        </test-method> <!-- performProductSearchTest -->
        <test-method is-config="true" signature="beforeMethod()[pri:0, instance:com.qa.opencart.testcases.MyAccountPageTest@4cafa9aa]" started-at="2024-05-14T17:44:27 MST" name="beforeMethod" finished-at="2024-05-14T17:44:27 MST" duration-ms="20" status="PASS">
          <reporter-output>
          </reporter-output>
        </test-method> <!-- beforeMethod -->
        <test-method signature="performProductSearchTest(java.lang.String)[pri:7, instance:com.qa.opencart.testcases.MyAccountPageTest@4cafa9aa]" started-at="2024-05-14T17:44:27 MST" name="performProductSearchTest" description="TC_07_Perform the product search" data-provider="products" finished-at="2024-05-14T17:44:45 MST" duration-ms="18187" status="PASS">
          <params>
            <param index="0">
              <value>
                <![CDATA[iMac]]>
              </value>
            </param>
          </params>
          <reporter-output>
          </reporter-output>
        </test-method> <!-- performProductSearchTest -->
        <test-method is-config="true" signature="beforeMethod()[pri:0, instance:com.qa.opencart.testcases.MyAccountPageTest@4cafa9aa]" started-at="2024-05-14T17:44:45 MST" name="beforeMethod" finished-at="2024-05-14T17:44:45 MST" duration-ms="26" status="PASS">
          <reporter-output>
          </reporter-output>
        </test-method> <!-- beforeMethod -->
        <test-method signature="performProductSearchTest(java.lang.String)[pri:7, instance:com.qa.opencart.testcases.MyAccountPageTest@4cafa9aa]" started-at="2024-05-14T17:44:45 MST" name="performProductSearchTest" description="TC_07_Perform the product search" data-provider="products" finished-at="2024-05-14T17:45:04 MST" duration-ms="18323" status="PASS">
          <params>
            <param index="0">
              <value>
                <![CDATA[Samsung]]>
              </value>
            </param>
          </params>
          <reporter-output>
          </reporter-output>
        </test-method> <!-- performProductSearchTest -->
        <test-method is-config="true" signature="commonTearDown()[pri:0, instance:com.qa.opencart.testcases.MyAccountPageTest@4cafa9aa]" started-at="2024-05-14T17:45:04 MST" name="commonTearDown" finished-at="2024-05-14T17:45:04 MST" duration-ms="540" status="PASS">
          <reporter-output>
          </reporter-output>
        </test-method> <!-- commonTearDown -->
      </class> <!-- com.qa.opencart.testcases.MyAccountPageTest -->
    </test> <!-- OpenCartTest(failed) -->
  </suite> <!-- Failed suite [OpenCartSuite] -->
</testng-results>
